15/01/2023 08:15 PM | 2103658
15/01/2023 08:19 PM | 2103659
15/01/2023 08:19 PM | 2103659
15/01/2023 08:19 PM | 2103660
15/01/2023 08:21 PM | 2103661|E9012
15/01/2023 09:35 PM | 2103665|4453
15/01/2023 09:36 PM | 2103666|4453
15/01/2023 09:53 PM | 2103667|15012023|
15/01/2023 09:56 PM | 2103668|23423|
15/01/2023 09:57 PM | 2103669|15012023|
15/01/2023 09:59 PM | 2103670|23423|
15/01/2023 10:02 PM | 2103671|15012023|
15/01/2023 11:06 PM | 2103672|15012023
15/01/2023 11:08 PM | 2103673|202311
15/01/2023 11:13 PM | 2103674|rechazada
15/01/2023 11:15 PM | 2103675|15012023
15/01/2023 11:15 PM | 2103675|15012023
15/01/2023 11:16 PM | 2103676|15012023
15/01/2023 11:35 PM | 2103678|reject
15/01/2023 11:37 PM | 2103679|15012023
